<?xml version="1.0" encoding="UTF-8"?>
<!-- Generated by org.testng.reporters.JUnitReportReporter -->
<testsuite hostname="DESKTOP-CVPC8E9" failures="0" tests="1" name="com.inetbanking.testCases.TC_LoginTest_001" time="2.482" errors="0" timestamp="2024-07-23T19:50:31 BST" skipped="0">
  <testcase classname="com.inetbanking.testCases.TC_LoginTest_001" name="loginTest" time="2.482"/>
  <system-out/>
</testsuite> <!-- com.inetbanking.testCases.TC_LoginTest_001 -->
